# JRE version: OpenJDK Runtime Environment Corretto-17.0.8.8.1 (17.0.8.1+8) (build 17.0.8.1+8-LTS)
# Java VM: OpenJDK 64-Bit Server VM Corretto-17.0.8.8.1 (17.0.8.1+8-LTS, mixed mode, sharing, tiered, compressed oops, compressed class ptrs, g1 gc, windows-amd64)
GC Precious Log:
 CPUs: 8 total, 8 available
 Memory: 3784M
 Large Page Support: Disabled
 NUMA Support: Disabled
 Compressed Oops: Enabled (32-bit)
 Heap Region Size: 1M
 Heap Min Capacity: 8M
 Heap Initial Capacity: 60M
 Heap Max Capacity: 948M
 Pre-touch: Disabled
 Parallel Workers: 8
 Concurrent Workers: 2
 Concurrent Refinement Workers: 8
 Periodic GC: Disabled
Heap:
 garbage-first heap   total 61440K, used 28957K [0x00000000c4c00000, 0x0000000100000000)
  region size 1024K, 3 young (3072K), 3 survivors (3072K)
 Metaspace       used 59704K, committed 60288K, reserved 1114112K
  class space    used 8128K, committed 8384K, reserved 1048576K
GC Heap History (20 events):
Event: 3.166 GC heap after
{Heap after GC invocations=4 (full 0):
 garbage-first heap   total 61440K, used 12902K [0x00000000c4c00000, 0x0000000100000000)
  region size 1024K, 4 young (4096K), 4 survivors (4096K)
 Metaspace       used 19937K, committed 20224K, reserved 1114112K
  class space    used 2458K, committed 2560K, reserved 1048576K
}
Event: 3.568 GC heap before
{Heap before GC invocations=4 (full 0):
 garbage-first heap   total 61440K, used 20070K [0x00000000c4c00000, 0x0000000100000000)
  region size 1024K, 12 young (12288K), 4 survivors (4096K)
 Metaspace       used 21204K, committed 21504K, reserved 1114112K
  class space    used 2640K, committed 2816K, reserved 1048576K
}
Event: 3.575 GC heap after
{Heap after GC invocations=5 (full 0):
 garbage-first heap   total 61440K, used 13515K [0x00000000c4c00000, 0x0000000100000000)
  region size 1024K, 3 young (3072K), 3 survivors (3072K)
 Metaspace       used 21204K, committed 21504K, reserved 1114112K
  class space    used 2640K, committed 2816K, reserved 1048576K
}
Event: 4.314 GC heap before
{Heap before GC invocations=6 (full 0):
 garbage-first heap   total 51200K, used 41163K [0x00000000c4c00000, 0x0000000100000000)
  region size 1024K, 30 young (30720K), 3 survivors (3072K)
 Metaspace       used 27256K, committed 27648K, reserved 1114112K
  class space    used 3450K, committed 3648K, reserved 1048576K
}
Event: 4.326 GC heap after
{Heap after GC invocations=7 (full 0):
 garbage-first heap   total 51200K, used 16847K [0x00000000c4c00000, 0x0000000100000000)
  region size 1024K, 4 young (4096K), 4 survivors (4096K)
 Metaspace       used 27256K, committed 27648K, reserved 1114112K
  class space    used 3450K, committed 3648K, reserved 1048576K
}
Event: 4.863 GC heap before
{Heap before GC invocations=7 (full 0):
 garbage-first heap   total 51200K, used 37327K [0x00000000c4c00000, 0x0000000100000000)
  region size 1024K, 24 young (24576K), 4 survivors (4096K)
 Metaspace       used 31864K, committed 32192K, reserved 1114112K
  class space    used 4005K, committed 4160K, reserved 1048576K
}
Event: 4.873 GC heap after
{Heap after GC invocations=8 (full 0):
 garbage-first heap   total 51200K, used 18791K [0x00000000c4c00000, 0x0000000100000000)
  region size 1024K, 2 young (2048K), 2 survivors (2048K)
 Metaspace       used 31864K, committed 32192K, reserved 1114112K
  class space    used 4005K, committed 4160K, reserved 1048576K
}
Event: 5.229 GC heap before
{Heap before GC invocations=8 (full 0):
 garbage-first heap   total 51200K, used 33127K [0x00000000c4c00000, 0x0000000100000000)
  region size 1024K, 17 young (17408K), 2 survivors (2048K)
 Metaspace       used 35631K, committed 36096K, reserved 1114112K
  class space    used 4548K, committed 4800K, reserved 1048576K
}
Event: 5.235 GC heap after
{Heap after GC invocations=9 (full 0):
 garbage-first heap   total 61440K, used 20228K [0x00000000c4c00000, 0x0000000100000000)
  region size 1024K, 2 young (2048K), 2 survivors (2048K)
 Metaspace       used 35631K, committed 36096K, reserved 1114112K
  class space    used 4548K, committed 4800K, reserved 1048576K
}
Event: 5.876 GC heap before
{Heap before GC invocations=10 (full 0):
 garbage-first heap   total 61440K, used 44804K [0x00000000c4c00000, 0x0000000100000000)
  region size 1024K, 27 young (27648K), 2 survivors (2048K)
 Metaspace       used 41963K, committed 42432K, reserved 1114112K
  class space    used 5466K, committed 5696K, reserved 1048576K
}
Event: 5.882 GC heap after
{Heap after GC invocations=11 (full 0):
 garbage-first heap   total 61440K, used 21691K [0x00000000c4c00000, 0x0000000100000000)
  region size 1024K, 3 young (3072K), 3 survivors (3072K)
 Metaspace       used 41963K, committed 42432K, reserved 1114112K
  class space    used 5466K, committed 5696K, reserved 1048576K
}
Event: 6.425 GC heap before
{Heap before GC invocations=11 (full 0):
 garbage-first heap   total 61440K, used 46267K [0x00000000c4c00000, 0x0000000100000000)
  region size 1024K, 28 young (28672K), 3 survivors (3072K)
 Metaspace       used 48528K, committed 49024K, reserved 1114112K
  class space    used 6567K, committed 6784K, reserved 1048576K
}
Event: 6.430 GC heap after
{Heap after GC invocations=12 (full 0):
 garbage-first heap   total 61440K, used 22658K [0x00000000c4c00000, 0x0000000100000000)
  region size 1024K, 3 young (3072K), 3 survivors (3072K)
 Metaspace       used 48528K, committed 49024K, reserved 1114112K
  class space    used 6567K, committed 6784K, reserved 1048576K
}
Event: 6.825 GC heap before
{Heap before GC invocations=12 (full 0):
 garbage-first heap   total 61440K, used 46210K [0x00000000c4c00000, 0x0000000100000000)
  region size 1024K, 27 young (27648K), 3 survivors (3072K)
 Metaspace       used 53710K, committed 54144K, reserved 1114112K
  class space    used 7281K, committed 7488K, reserved 1048576K
}
Event: 6.833 GC heap after
{Heap after GC invocations=13 (full 0):
 garbage-first heap   total 61440K, used 24325K [0x00000000c4c00000, 0x0000000100000000)
  region size 1024K, 3 young (3072K), 3 survivors (3072K)
 Metaspace       used 53710K, committed 54144K, reserved 1114112K
  class space    used 7281K, committed 7488K, reserved 1048576K
}
Event: 7.292 GC heap before
{Heap before GC invocations=13 (full 0):
 garbage-first heap   total 61440K, used 47877K [0x00000000c4c00000, 0x0000000100000000)
  region size 1024K, 26 young (26624K), 3 survivors (3072K)
 Metaspace       used 56243K, committed 56768K, reserved 1114112K
  class space    used 7650K, committed 7936K, reserved 1048576K
}
Event: 7.296 GC heap after
{Heap after GC invocations=14 (full 0):
 garbage-first heap   total 61440K, used 25980K [0x00000000c4c00000, 0x0000000100000000)
  region size 1024K, 4 young (4096K), 4 survivors (4096K)
 Metaspace       used 56243K, committed 56768K, reserved 1114112K
  class space    used 7650K, committed 7936K, reserved 1048576K
}
Event: 7.491 GC heap before
{Heap before GC invocations=14 (full 0):
 garbage-first heap   total 61440K, used 47484K [0x00000000c4c00000, 0x0000000100000000)
  region size 1024K, 25 young (25600K), 4 survivors (4096K)
 Metaspace       used 57111K, committed 57600K, reserved 1114112K
  class space    used 7755K, committed 8000K, reserved 1048576K
}
Event: 7.495 GC heap after
{Heap after GC invocations=15 (full 0):
 garbage-first heap   total 61440K, used 26565K [0x00000000c4c00000, 0x0000000100000000)
  region size 1024K, 3 young (3072K), 3 survivors (3072K)
 Metaspace       used 57111K, committed 57600K, reserved 1114112K
  class space    used 7755K, committed 8000K, reserved 1048576K
}
Event: 7.968 GC heap before
{Heap before GC invocations=15 (full 0):
 garbage-first heap   total 61440K, used 48069K [0x00000000c4c00000, 0x0000000100000000)
  region size 1024K, 24 young (24576K), 3 survivors (3072K)
 Metaspace       used 59704K, committed 60288K, reserved 1114112K
  class space    used 8128K, committed 8384K, reserved 1048576K
}

